{"D:\\js-projects\\backend-hiring-assignment\\worko-ai\\worko-api\\controllers\\userController.js": {"path":"D:\\js-projects\\backend-hiring-assignment\\worko-ai\\worko-api\\controllers\\userController.js","statementMap":{"0":{"start":{"line":1,"column":20},"end":{"line":1,"column":54}},"1":{"start":{"line":2,"column":12},"end":{"line":2,"column":26}},"2":{"start":{"line":4,"column":19},"end":{"line":10,"column":2}},"3":{"start":{"line":12,"column":0},"end":{"line":19,"column":2}},"4":{"start":{"line":13,"column":2},"end":{"line":18,"column":3}},"5":{"start":{"line":14,"column":18},"end":{"line":14,"column":49}},"6":{"start":{"line":15,"column":4},"end":{"line":15,"column":20}},"7":{"start":{"line":17,"column":4},"end":{"line":17,"column":49}},"8":{"start":{"line":21,"column":0},"end":{"line":31,"column":2}},"9":{"start":{"line":22,"column":2},"end":{"line":30,"column":3}},"10":{"start":{"line":23,"column":17},"end":{"line":23,"column":65}},"11":{"start":{"line":24,"column":4},"end":{"line":26,"column":5}},"12":{"start":{"line":25,"column":6},"end":{"line":25,"column":63}},"13":{"start":{"line":27,"column":4},"end":{"line":27,"column":19}},"14":{"start":{"line":29,"column":4},"end":{"line":29,"column":49}},"15":{"start":{"line":33,"column":0},"end":{"line":43,"column":2}},"16":{"start":{"line":34,"column":20},"end":{"line":34,"column":49}},"17":{"start":{"line":35,"column":2},"end":{"line":35,"column":78}},"18":{"start":{"line":35,"column":13},"end":{"line":35,"column":78}},"19":{"start":{"line":37,"column":2},"end":{"line":42,"column":3}},"20":{"start":{"line":38,"column":17},"end":{"line":38,"column":55}},"21":{"start":{"line":39,"column":4},"end":{"line":39,"column":31}},"22":{"start":{"line":41,"column":4},"end":{"line":41,"column":49}},"23":{"start":{"line":45,"column":0},"end":{"line":55,"column":2}},"24":{"start":{"line":46,"column":20},"end":{"line":46,"column":49}},"25":{"start":{"line":47,"column":2},"end":{"line":47,"column":78}},"26":{"start":{"line":47,"column":13},"end":{"line":47,"column":78}},"27":{"start":{"line":49,"column":2},"end":{"line":54,"column":3}},"28":{"start":{"line":50,"column":17},"end":{"line":50,"column":74}},"29":{"start":{"line":51,"column":4},"end":{"line":51,"column":19}},"30":{"start":{"line":53,"column":4},"end":{"line":53,"column":49}},"31":{"start":{"line":57,"column":0},"end":{"line":64,"column":2}},"32":{"start":{"line":58,"column":2},"end":{"line":63,"column":3}},"33":{"start":{"line":59,"column":17},"end":{"line":59,"column":74}},"34":{"start":{"line":60,"column":4},"end":{"line":60,"column":19}},"35":{"start":{"line":62,"column":4},"end":{"line":62,"column":49}},"36":{"start":{"line":66,"column":0},"end":{"line":73,"column":2}},"37":{"start":{"line":67,"column":2},"end":{"line":72,"column":3}},"38":{"start":{"line":68,"column":17},"end":{"line":68,"column":68}},"39":{"start":{"line":69,"column":4},"end":{"line":69,"column":19}},"40":{"start":{"line":71,"column":4},"end":{"line":71,"column":49}}},"fnMap":{"0":{"name":"(anonymous_0)","decl":{"start":{"line":12,"column":20},"end":{"line":12,"column":21}},"loc":{"start":{"line":12,"column":40},"end":{"line":19,"column":1}},"line":12},"1":{"name":"(anonymous_1)","decl":{"start":{"line":21,"column":18},"end":{"line":21,"column":19}},"loc":{"start":{"line":21,"column":38},"end":{"line":31,"column":1}},"line":21},"2":{"name":"(anonymous_2)","decl":{"start":{"line":33,"column":21},"end":{"line":33,"column":22}},"loc":{"start":{"line":33,"column":41},"end":{"line":43,"column":1}},"line":33},"3":{"name":"(anonymous_3)","decl":{"start":{"line":45,"column":21},"end":{"line":45,"column":22}},"loc":{"start":{"line":45,"column":41},"end":{"line":55,"column":1}},"line":45},"4":{"name":"(anonymous_4)","decl":{"start":{"line":57,"column":20},"end":{"line":57,"column":21}},"loc":{"start":{"line":57,"column":40},"end":{"line":64,"column":1}},"line":57},"5":{"name":"(anonymous_5)","decl":{"start":{"line":66,"column":21},"end":{"line":66,"column":22}},"loc":{"start":{"line":66,"column":41},"end":{"line":73,"column":1}},"line":66}},"branchMap":{"0":{"loc":{"start":{"line":24,"column":4},"end":{"line":26,"column":5}},"type":"if","locations":[{"start":{"line":24,"column":4},"end":{"line":26,"column":5}},{"start":{},"end":{}}],"line":24},"1":{"loc":{"start":{"line":35,"column":2},"end":{"line":35,"column":78}},"type":"if","locations":[{"start":{"line":35,"column":2},"end":{"line":35,"column":78}},{"start":{},"end":{}}],"line":35},"2":{"loc":{"start":{"line":47,"column":2},"end":{"line":47,"column":78}},"type":"if","locations":[{"start":{"line":47,"column":2},"end":{"line":47,"column":78}},{"start":{},"end":{}}],"line":47}},"s":{"0":1,"1":1,"2":1,"3":1,"4":1,"5":1,"6":1,"7":0,"8":1,"9":2,"10":2,"11":2,"12":1,"13":1,"14":0,"15":1,"16":3,"17":3,"18":1,"19":2,"20":2,"21":1,"22":1,"23":1,"24":1,"25":1,"26":0,"27":1,"28":1,"29":1,"30":0,"31":1,"32":1,"33":1,"34":1,"35":0,"36":1,"37":1,"38":1,"39":1,"40":0},"f":{"0":1,"1":2,"2":3,"3":1,"4":1,"5":1},"b":{"0":[1,1],"1":[1,2],"2":[0,1]},"_coverageSchema":"1a1c01bbd47fc00a2c39e90264f33305004495a9","hash":"471358199987eec77ffcbb07ba95f07108097ac0"}
,"D:\\js-projects\\backend-hiring-assignment\\worko-ai\\worko-api\\daos\\userDao.js": {"path":"D:\\js-projects\\backend-hiring-assignment\\worko-ai\\worko-api\\daos\\userDao.js","statementMap":{"0":{"start":{"line":1,"column":13},"end":{"line":1,"column":43}},"1":{"start":{"line":5,"column":4},"end":{"line":5,"column":43}},"2":{"start":{"line":9,"column":4},"end":{"line":9,"column":59}},"3":{"start":{"line":13,"column":20},"end":{"line":13,"column":34}},"4":{"start":{"line":14,"column":4},"end":{"line":14,"column":26}},"5":{"start":{"line":18,"column":4},"end":{"line":18,"column":63}},"6":{"start":{"line":22,"column":4},"end":{"line":22,"column":78}},"7":{"start":{"line":26,"column":0},"end":{"line":26,"column":31}}},"fnMap":{"0":{"name":"(anonymous_0)","decl":{"start":{"line":4,"column":2},"end":{"line":4,"column":3}},"loc":{"start":{"line":4,"column":22},"end":{"line":6,"column":3}},"line":4},"1":{"name":"(anonymous_1)","decl":{"start":{"line":8,"column":2},"end":{"line":8,"column":3}},"loc":{"start":{"line":8,"column":28},"end":{"line":10,"column":3}},"line":8},"2":{"name":"(anonymous_2)","decl":{"start":{"line":12,"column":2},"end":{"line":12,"column":3}},"loc":{"start":{"line":12,"column":25},"end":{"line":15,"column":3}},"line":12},"3":{"name":"(anonymous_3)","decl":{"start":{"line":17,"column":2},"end":{"line":17,"column":3}},"loc":{"start":{"line":17,"column":33},"end":{"line":19,"column":3}},"line":17},"4":{"name":"(anonymous_4)","decl":{"start":{"line":21,"column":2},"end":{"line":21,"column":3}},"loc":{"start":{"line":21,"column":31},"end":{"line":23,"column":3}},"line":21}},"branchMap":{},"s":{"0":3,"1":1,"2":1,"3":1,"4":1,"5":1,"6":1,"7":3},"f":{"0":1,"1":1,"2":1,"3":1,"4":1},"b":{},"_coverageSchema":"1a1c01bbd47fc00a2c39e90264f33305004495a9","hash":"35682cf890da2b54edb0dae6e1056c648442253e"}
,"D:\\js-projects\\backend-hiring-assignment\\worko-ai\\worko-api\\dtos\\userDto.js": {"path":"D:\\js-projects\\backend-hiring-assignment\\worko-ai\\worko-api\\dtos\\userDto.js","statementMap":{"0":{"start":{"line":3,"column":4},"end":{"line":3,"column":23}},"1":{"start":{"line":4,"column":4},"end":{"line":4,"column":28}},"2":{"start":{"line":5,"column":4},"end":{"line":5,"column":26}},"3":{"start":{"line":6,"column":4},"end":{"line":6,"column":24}},"4":{"start":{"line":7,"column":4},"end":{"line":7,"column":26}},"5":{"start":{"line":8,"column":4},"end":{"line":8,"column":32}},"6":{"start":{"line":9,"column":4},"end":{"line":9,"column":36}},"7":{"start":{"line":13,"column":0},"end":{"line":13,"column":25}}},"fnMap":{"0":{"name":"(anonymous_0)","decl":{"start":{"line":2,"column":2},"end":{"line":2,"column":3}},"loc":{"start":{"line":2,"column":20},"end":{"line":10,"column":3}},"line":2}},"branchMap":{},"s":{"0":5,"1":5,"2":5,"3":5,"4":5,"5":5,"6":5,"7":2},"f":{"0":5},"b":{},"_coverageSchema":"1a1c01bbd47fc00a2c39e90264f33305004495a9","hash":"cbc63300d0031c5dd444c1a5b5670413aae1ddc7"}
,"D:\\js-projects\\backend-hiring-assignment\\worko-ai\\worko-api\\middlewares\\authMiddleware.js": {"path":"D:\\js-projects\\backend-hiring-assignment\\worko-ai\\worko-api\\middlewares\\authMiddleware.js","statementMap":{"0":{"start":{"line":1,"column":12},"end":{"line":1,"column":35}},"1":{"start":{"line":2,"column":0},"end":{"line":2,"column":27}},"2":{"start":{"line":4,"column":0},"end":{"line":15,"column":2}},"3":{"start":{"line":5,"column":16},"end":{"line":5,"column":66}},"4":{"start":{"line":6,"column":2},"end":{"line":6,"column":70}},"5":{"start":{"line":6,"column":14},"end":{"line":6,"column":70}},"6":{"start":{"line":8,"column":2},"end":{"line":14,"column":3}},"7":{"start":{"line":9,"column":20},"end":{"line":9,"column":61}},"8":{"start":{"line":10,"column":4},"end":{"line":10,"column":23}},"9":{"start":{"line":11,"column":4},"end":{"line":11,"column":11}},"10":{"start":{"line":13,"column":4},"end":{"line":13,"column":53}}},"fnMap":{"0":{"name":"(anonymous_0)","decl":{"start":{"line":4,"column":17},"end":{"line":4,"column":18}},"loc":{"start":{"line":4,"column":37},"end":{"line":15,"column":1}},"line":4}},"branchMap":{"0":{"loc":{"start":{"line":6,"column":2},"end":{"line":6,"column":70}},"type":"if","locations":[{"start":{"line":6,"column":2},"end":{"line":6,"column":70}},{"start":{},"end":{}}],"line":6}},"s":{"0":1,"1":1,"2":1,"3":9,"4":9,"5":0,"6":9,"7":9,"8":9,"9":9,"10":0},"f":{"0":9},"b":{"0":[0,9]},"_coverageSchema":"1a1c01bbd47fc00a2c39e90264f33305004495a9","hash":"74a717309e7625559c0feda14a7066b77b61c209"}
,"D:\\js-projects\\backend-hiring-assignment\\worko-ai\\worko-api\\models\\userModel.js": {"path":"D:\\js-projects\\backend-hiring-assignment\\worko-ai\\worko-api\\models\\userModel.js","statementMap":{"0":{"start":{"line":1,"column":17},"end":{"line":1,"column":36}},"1":{"start":{"line":3,"column":19},"end":{"line":10,"column":2}},"2":{"start":{"line":12,"column":0},"end":{"line":12,"column":52}}},"fnMap":{},"branchMap":{},"s":{"0":3,"1":3,"2":3},"f":{},"b":{},"_coverageSchema":"1a1c01bbd47fc00a2c39e90264f33305004495a9","hash":"60f2a952bcb4faac01b99a7bd4ed8f1998287c47"}
,"D:\\js-projects\\backend-hiring-assignment\\worko-ai\\worko-api\\routes\\userRoutes.js": {"path":"D:\\js-projects\\backend-hiring-assignment\\worko-ai\\worko-api\\routes\\userRoutes.js","statementMap":{"0":{"start":{"line":1,"column":16},"end":{"line":1,"column":34}},"1":{"start":{"line":2,"column":15},"end":{"line":2,"column":31}},"2":{"start":{"line":3,"column":23},"end":{"line":3,"column":63}},"3":{"start":{"line":4,"column":23},"end":{"line":4,"column":63}},"4":{"start":{"line":6,"column":0},"end":{"line":6,"column":62}},"5":{"start":{"line":7,"column":0},"end":{"line":7,"column":68}},"6":{"start":{"line":8,"column":0},"end":{"line":8,"column":64}},"7":{"start":{"line":9,"column":0},"end":{"line":9,"column":71}},"8":{"start":{"line":10,"column":0},"end":{"line":10,"column":72}},"9":{"start":{"line":11,"column":0},"end":{"line":11,"column":74}},"10":{"start":{"line":13,"column":0},"end":{"line":13,"column":24}}},"fnMap":{},"branchMap":{},"s":{"0":1,"1":1,"2":1,"3":1,"4":1,"5":1,"6":1,"7":1,"8":1,"9":1,"10":1},"f":{},"b":{},"_coverageSchema":"1a1c01bbd47fc00a2c39e90264f33305004495a9","hash":"3d93e37922ad8278c2313e43915089ba00efa1b4"}
,"D:\\js-projects\\backend-hiring-assignment\\worko-ai\\worko-api\\services\\userService.js": {"path":"D:\\js-projects\\backend-hiring-assignment\\worko-ai\\worko-api\\services\\userService.js","statementMap":{"0":{"start":{"line":1,"column":16},"end":{"line":1,"column":42}},"1":{"start":{"line":2,"column":16},"end":{"line":2,"column":42}},"2":{"start":{"line":6,"column":18},"end":{"line":6,"column":45}},"3":{"start":{"line":7,"column":4},"end":{"line":7,"column":48}},"4":{"start":{"line":7,"column":29},"end":{"line":7,"column":46}},"5":{"start":{"line":11,"column":17},"end":{"line":11,"column":50}},"6":{"start":{"line":12,"column":4},"end":{"line":12,"column":27}},"7":{"start":{"line":12,"column":15},"end":{"line":12,"column":27}},"8":{"start":{"line":13,"column":4},"end":{"line":13,"column":29}},"9":{"start":{"line":17,"column":20},"end":{"line":17,"column":50}},"10":{"start":{"line":18,"column":4},"end":{"line":18,"column":32}},"11":{"start":{"line":22,"column":24},"end":{"line":22,"column":62}},"12":{"start":{"line":23,"column":4},"end":{"line":23,"column":36}},"13":{"start":{"line":27,"column":24},"end":{"line":27,"column":60}},"14":{"start":{"line":28,"column":4},"end":{"line":28,"column":36}},"15":{"start":{"line":32,"column":0},"end":{"line":32,"column":35}}},"fnMap":{"0":{"name":"(anonymous_0)","decl":{"start":{"line":5,"column":2},"end":{"line":5,"column":3}},"loc":{"start":{"line":5,"column":22},"end":{"line":8,"column":3}},"line":5},"1":{"name":"(anonymous_1)","decl":{"start":{"line":7,"column":21},"end":{"line":7,"column":22}},"loc":{"start":{"line":7,"column":29},"end":{"line":7,"column":46}},"line":7},"2":{"name":"(anonymous_2)","decl":{"start":{"line":10,"column":2},"end":{"line":10,"column":3}},"loc":{"start":{"line":10,"column":28},"end":{"line":14,"column":3}},"line":10},"3":{"name":"(anonymous_3)","decl":{"start":{"line":16,"column":2},"end":{"line":16,"column":3}},"loc":{"start":{"line":16,"column":25},"end":{"line":19,"column":3}},"line":16},"4":{"name":"(anonymous_4)","decl":{"start":{"line":21,"column":2},"end":{"line":21,"column":3}},"loc":{"start":{"line":21,"column":33},"end":{"line":24,"column":3}},"line":21},"5":{"name":"(anonymous_5)","decl":{"start":{"line":26,"column":2},"end":{"line":26,"column":3}},"loc":{"start":{"line":26,"column":31},"end":{"line":29,"column":3}},"line":26}},"branchMap":{"0":{"loc":{"start":{"line":12,"column":4},"end":{"line":12,"column":27}},"type":"if","locations":[{"start":{"line":12,"column":4},"end":{"line":12,"column":27}},{"start":{},"end":{}}],"line":12}},"s":{"0":2,"1":2,"2":1,"3":1,"4":1,"5":2,"6":2,"7":1,"8":1,"9":1,"10":1,"11":1,"12":1,"13":1,"14":1,"15":2},"f":{"0":1,"1":1,"2":2,"3":1,"4":1,"5":1},"b":{"0":[1,1]},"_coverageSchema":"1a1c01bbd47fc00a2c39e90264f33305004495a9","hash":"48a8ebdaf9c84b15cd513c064d40718e8dfdbd66"}
}
